<?xml version="1.0" encoding="UTF-8"?>
<!-- Generated by org.testng.reporters.JUnitReportReporter -->
<testsuite skipped="0" hostname="DESKTOP-C9MVC75" name="com.gcr.scripts.Login_Logout_Excel" tests="1" failures="0" timestamp="2021-10-16T08:30:54 IST" time="21.479" errors="0">
  <testcase name="Login_Logout_ExcelTestCase" time="21.479" classname="com.gcr.scripts.Login_Logout_Excel"/>
  <system-out/>
</testsuite> <!-- com.gcr.scripts.Login_Logout_Excel -->
