<?xml version="1.0" encoding="UTF-8"?>
<!-- Generated by org.testng.reporters.JUnitReportReporter -->
<testsuite skipped="0" hostname="DESKTOP-C9MVC75" name="com.gcr.scripts.TizagAlert" tests="1" failures="0" timestamp="2022-02-12T07:06:34 IST" time="6.772" errors="0">
  <testcase name="TizagAlertTestCase" time="6.772" classname="com.gcr.scripts.TizagAlert"/>
  <system-out/>
</testsuite> <!-- com.gcr.scripts.TizagAlert -->
