<?xml version="1.0" encoding="UTF-8"?>
<!-- Generated by org.testng.reporters.JUnitReportReporter -->
<testsuite hostname="LAPTOP-UBMQF7FC" failures="0" tests="1" name="com.mohs.scripts.CompareList1" time="16.926" errors="0" timestamp="2022-02-25T07:51:15 IST" skipped="0">
  <testcase classname="com.mohs.scripts.CompareList1" name="CompareList1TestCase" time="16.926"/>
  <system-out/>
</testsuite> <!-- com.mohs.scripts.CompareList1 -->
