<?xml version="1.0" encoding="UTF-8"?>
<!-- Generated by org.testng.reporters.JUnitReportReporter -->
<testsuite hostname="LAPTOP-UBMQF7FC" failures="0" tests="1" name="com.mohs.scripts.Recently_viewed_button2" time="14.640" errors="0" timestamp="2022-02-23T15:05:43 IST" skipped="0">
  <testcase classname="com.mohs.scripts.Recently_viewed_button2" name="Recently_viewed_button2TestCase" time="14.640"/>
  <system-out/>
</testsuite> <!-- com.mohs.scripts.Recently_viewed_button2 -->
