<?xml version="1.0" encoding="UTF-8"?>
<!-- Generated by org.testng.reporters.JUnitReportReporter -->
<testsuite hostname="LAPTOP-UBMQF7FC" failures="0" tests="1" name="com.mohs.scripts.Newsbtn" time="11.064" errors="0" timestamp="2022-02-23T15:04:20 IST" skipped="0">
  <testcase classname="com.mohs.scripts.Newsbtn" name="NewsbtnTestCase" time="11.064"/>
  <system-out/>
</testsuite> <!-- com.mohs.scripts.Newsbtn -->
