<?xml version="1.0" encoding="UTF-8"?>
<!-- Generated by org.testng.reporters.JUnitReportReporter -->
<testsuite skipped="0" hostname="DESKTOP-C9MVC75" name="com.gcr.scripts.AutomationContactUs_Excel" tests="1" failures="0" timestamp="2022-02-11T07:53:26 IST" time="18.721" errors="0">
  <testcase name="AutomationContactUsExcelTestCase" time="18.721" classname="com.gcr.scripts.AutomationContactUs_Excel"/>
  <system-out/>
</testsuite> <!-- com.gcr.scripts.AutomationContactUs_Excel -->
