<?xml version="1.0" encoding="UTF-8"?>
<!-- Generated by org.testng.reporters.JUnitReportReporter -->
<testsuite hostname="LAPTOP-UBMQF7FC" failures="0" tests="1" name="com.mohs.scripts.AddProductToCart" time="11.989" errors="0" timestamp="2022-04-06T08:19:34 IST" skipped="0">
  <testcase classname="com.mohs.scripts.AddProductToCart" name="AddProductToCartTestCase" time="11.989"/>
  <system-out/>
</testsuite> <!-- com.mohs.scripts.AddProductToCart -->
