<?xml version="1.0" encoding="UTF-8"?>
<!-- Generated by org.testng.reporters.JUnitReportReporter -->
<testsuite hostname="LAPTOP-UBMQF7FC" failures="0" tests="1" name="com.mohs.scripts.CompareList2" time="39.815" errors="0" timestamp="2022-04-04T08:47:07 IST" skipped="0">
  <testcase classname="com.mohs.scripts.CompareList2" name="CompareList2TestCase" time="39.815"/>
  <system-out/>
</testsuite> <!-- com.mohs.scripts.CompareList2 -->
