<?xml version="1.0" encoding="UTF-8"?>
<!-- Generated by org.testng.reporters.JUnitReportReporter -->
<testsuite hostname="DESKTOP-KOJOBGV" failures="0" tests="2" name="com.mohs10.scripts.pdf" time="8.271" errors="0" timestamp="2023-06-22T16:04:03 IST" skipped="0">
  <testcase classname="com.mohs10.scripts.pdf" name="PDFreports" time="3.873"/>
  <system-out/>
  <testcase classname="com.mohs10.scripts.pdf" name="PDFreports" time="4.398"/>
  <system-out/>
</testsuite> <!-- com.mohs10.scripts.pdf -->
