<?xml version="1.0" encoding="UTF-8"?>
<!-- Generated by org.testng.reporters.JUnitReportReporter -->
<testsuite skipped="0" hostname="DESKTOP-C9MVC75" name="com.gcr.scripts.InternetDynamicLoading" tests="1" failures="0" timestamp="2022-02-08T07:44:20 IST" time="10.618" errors="0">
  <testcase name="InternetDynamicLoadingTestCase" time="10.618" classname="com.gcr.scripts.InternetDynamicLoading"/>
  <system-out/>
</testsuite> <!-- com.gcr.scripts.InternetDynamicLoading -->
