<?xml version="1.0" encoding="UTF-8"?>
<!-- Generated by org.testng.reporters.JUnitReportReporter -->
<testsuite hostname="LAPTOP-UBMQF7FC" failures="0" tests="1" name="com.mohs.scripts.Page_down" time="9.224" errors="0" timestamp="2022-02-23T08:50:36 IST" skipped="0">
  <testcase classname="com.mohs.scripts.Page_down" name="Page_downTestCase" time="9.224"/>
  <system-out/>
</testsuite> <!-- com.mohs.scripts.Page_down -->
