<?xml version="1.0" encoding="UTF-8"?>
<!-- Generated by org.testng.reporters.JUnitReportReporter -->
<testsuite skipped="0" hostname="DESKTOP-C9MVC75" name="com.gcr.scripts.JqueryFrame" tests="1" failures="0" timestamp="2022-02-09T07:58:20 IST" time="5.422" errors="0">
  <testcase name="JqueryFrameTestCase" time="5.422" classname="com.gcr.scripts.JqueryFrame"/>
  <system-out/>
</testsuite> <!-- com.gcr.scripts.JqueryFrame -->
