<?xml version="1.0" encoding="UTF-8"?>
<!-- Generated by org.testng.reporters.JUnitReportReporter -->
<testsuite hostname="LAPTOP-UBMQF7FC" failures="0" tests="1" name="com.mohs10.scripts.AppTest" time="6.396" errors="0" timestamp="2023-01-10T16:50:16 IST" skipped="0">
  <testcase classname="com.mohs10.scripts.AppTest" name="kickStart" time="6.396"/>
  <system-out/>
</testsuite> <!-- com.mohs10.scripts.AppTest -->
