<?xml version="1.0" encoding="UTF-8"?>
<!-- Generated by org.testng.reporters.JUnitReportReporter -->
<testsuite skipped="0" hostname="DESKTOP-C9MVC75" name="com.gcr.scripts.InternetDropdown" tests="1" failures="0" timestamp="2022-02-08T07:00:36 IST" time="13.863" errors="0">
  <testcase name="InternetDropdownTestCase" time="13.863" classname="com.gcr.scripts.InternetDropdown"/>
  <system-out/>
</testsuite> <!-- com.gcr.scripts.InternetDropdown -->
