<?xml version="1.0" encoding="UTF-8"?>
<!-- Generated by org.testng.reporters.JUnitReportReporter -->
<testsuite hostname="DESKTOP-ENC5FO9" failures="0" tests="1" name="com.mohs10.scripts.HomeTest$RegisterPage" time="12.954" errors="0" timestamp="2022-04-26T01:21:27 IST" skipped="0">
  <testcase classname="com.mohs10.scripts.HomeTest$RegisterPage" name="RegisterPageTestCase" time="12.954"/>
  <system-out/>
</testsuite> <!-- com.mohs10.scripts.HomeTest$RegisterPage -->
