<?xml version="1.0" encoding="UTF-8"?>
<!-- Generated by org.testng.reporters.JUnitReportReporter -->
<testsuite hostname="LAPTOP-UBMQF7FC" failures="0" tests="1" name="com.mohs.scripts.Recently_viewed_button" time="12.211" errors="0" timestamp="2022-02-25T08:42:15 IST" skipped="0">
  <testcase classname="com.mohs.scripts.Recently_viewed_button" name="Recently_viewed_buttonTestCase" time="12.211"/>
  <system-out/>
</testsuite> <!-- com.mohs.scripts.Recently_viewed_button -->
