<?xml version="1.0" encoding="UTF-8"?>
<!-- Generated by org.testng.reporters.JUnitReportReporter -->
<testsuite hostname="LAPTOP-UBMQF7FC" failures="0" tests="1" name="com.mohs.scripts.Blogbtn" time="12.259" errors="0" timestamp="2022-04-06T12:21:31 IST" skipped="0">
  <testcase classname="com.mohs.scripts.Blogbtn" name="BlogbtnTestCase" time="12.259"/>
  <system-out/>
</testsuite> <!-- com.mohs.scripts.Blogbtn -->
