<?xml version="1.0" encoding="UTF-8"?>
<!-- Generated by org.testng.reporters.JUnitReportReporter -->
<testsuite skipped="0" hostname="DESKTOP-C9MVC75" name="com.gcr.scripts.InternetHover" tests="1" failures="0" timestamp="2022-02-10T07:24:47 IST" time="7.641" errors="0">
  <testcase name="InternetHoverTestCase" time="7.641" classname="com.gcr.scripts.InternetHover"/>
  <system-out/>
</testsuite> <!-- com.gcr.scripts.InternetHover -->
