<?xml version="1.0" encoding="UTF-8"?>
<!-- Generated by org.testng.reporters.JUnitReportReporter -->
<testsuite skipped="0" hostname="DESKTOP-C9MVC75" name="com.gcr.scripts.Login_Logout" tests="1" failures="0" timestamp="2022-02-06T09:12:28 IST" time="39.197" errors="0">
  <testcase name="Login_LogoutTestCase" time="39.197" classname="com.gcr.scripts.Login_Logout"/>
  <system-out/>
</testsuite> <!-- com.gcr.scripts.Login_Logout -->
