<?xml version="1.0" encoding="UTF-8"?>
<!-- Generated by org.testng.reporters.JUnitReportReporter -->
<testsuite hostname="DESKTOP-ENC5FO9" failures="0" tests="1" name="com.demowebshop.scripts.Newsbtn" time="14.096" errors="0" timestamp="2022-04-26T00:15:11 IST" skipped="0">
  <testcase classname="com.demowebshop.scripts.Newsbtn" name="NewsbtnTestCase" time="14.096"/>
  <system-out/>
</testsuite> <!-- com.demowebshop.scripts.Newsbtn -->
